INFO [2025-06-08 20:22:10] $x
INFO [2025-06-08 20:22:10] list(Comp1 = up1, Comp2 = up2)
INFO [2025-06-08 20:22:10] 
INFO [2025-06-08 20:22:10] $category.names
INFO [2025-06-08 20:22:10] c(comparison1, comparison2)
INFO [2025-06-08 20:22:10] 
INFO [2025-06-08 20:22:10] $filename
INFO [2025-06-08 20:22:10] paste0(output_prefix, "_Venn_Up.jpeg")
INFO [2025-06-08 20:22:10] 
INFO [2025-06-08 20:22:10] $output
INFO [2025-06-08 20:22:10] [1] TRUE
INFO [2025-06-08 20:22:10] 
INFO [2025-06-08 20:22:10] $fill
INFO [2025-06-08 20:22:10] c("red", "blue")
INFO [2025-06-08 20:22:10] 
INFO [2025-06-08 20:22:10] $alpha
INFO [2025-06-08 20:22:10] [1] 0.5
INFO [2025-06-08 20:22:10] 
INFO [2025-06-08 20:22:10] $cex
INFO [2025-06-08 20:22:10] [1] 1.5
INFO [2025-06-08 20:22:10] 
INFO [2025-06-08 20:22:10] $cat.cex
INFO [2025-06-08 20:22:10] [1] 0.7
INFO [2025-06-08 20:22:10] 
INFO [2025-06-08 20:22:10] $cat.pos
INFO [2025-06-08 20:22:10] c(-30, 30)
INFO [2025-06-08 20:22:10] 
INFO [2025-06-08 20:22:10] $cat.dist
INFO [2025-06-08 20:22:10] c(0.05, 0.05)
INFO [2025-06-08 20:22:10] 
