INFO [2025-03-18 21:06:35] $x
INFO [2025-03-18 21:06:35] list(Comp1 = down1, Comp2 = down2)
INFO [2025-03-18 21:06:35] 
INFO [2025-03-18 21:06:35] $category.names
INFO [2025-03-18 21:06:35] c(comparison1, comparison2)
INFO [2025-03-18 21:06:35] 
INFO [2025-03-18 21:06:35] $filename
INFO [2025-03-18 21:06:35] paste0(output_prefix, "_Venn_Down.jpeg")
INFO [2025-03-18 21:06:35] 
INFO [2025-03-18 21:06:35] $output
INFO [2025-03-18 21:06:35] [1] TRUE
INFO [2025-03-18 21:06:35] 
INFO [2025-03-18 21:06:35] $fill
INFO [2025-03-18 21:06:35] c("red", "blue")
INFO [2025-03-18 21:06:35] 
INFO [2025-03-18 21:06:35] $alpha
INFO [2025-03-18 21:06:35] [1] 0.5
INFO [2025-03-18 21:06:35] 
INFO [2025-03-18 21:06:35] $cex
INFO [2025-03-18 21:06:35] [1] 1.5
INFO [2025-03-18 21:06:35] 
INFO [2025-03-18 21:06:35] $cat.cex
INFO [2025-03-18 21:06:35] [1] 0.8
INFO [2025-03-18 21:06:35] 
INFO [2025-03-18 21:06:35] $cat.pos
INFO [2025-03-18 21:06:35] c(-30, 30)
INFO [2025-03-18 21:06:35] 
INFO [2025-03-18 21:06:35] $cat.dist
INFO [2025-03-18 21:06:35] c(0.05, 0.05)
INFO [2025-03-18 21:06:35] 
