INFO [2025-03-17 21:33:30] $x
INFO [2025-03-17 21:33:30] list(Comp1 = down1, Comp2 = down2)
INFO [2025-03-17 21:33:30] 
INFO [2025-03-17 21:33:30] $category.names
INFO [2025-03-17 21:33:30] c(comparison1, comparison2)
INFO [2025-03-17 21:33:30] 
INFO [2025-03-17 21:33:30] $filename
INFO [2025-03-17 21:33:30] paste0(output_prefix, "_Venn_Down.jpeg")
INFO [2025-03-17 21:33:30] 
INFO [2025-03-17 21:33:30] $output
INFO [2025-03-17 21:33:30] [1] TRUE
INFO [2025-03-17 21:33:30] 
INFO [2025-03-17 21:33:30] $fill
INFO [2025-03-17 21:33:30] c("red", "blue")
INFO [2025-03-17 21:33:30] 
INFO [2025-03-17 21:33:30] $alpha
INFO [2025-03-17 21:33:30] [1] 0.5
INFO [2025-03-17 21:33:30] 
INFO [2025-03-17 21:33:30] $cex
INFO [2025-03-17 21:33:30] [1] 1.5
INFO [2025-03-17 21:33:30] 
INFO [2025-03-17 21:33:30] $cat.cex
INFO [2025-03-17 21:33:30] [1] 0.7
INFO [2025-03-17 21:33:30] 
INFO [2025-03-17 21:33:30] $cat.pos
INFO [2025-03-17 21:33:30] c(-30, 30)
INFO [2025-03-17 21:33:30] 
INFO [2025-03-17 21:33:30] $cat.dist
INFO [2025-03-17 21:33:30] c(0.05, 0.05)
INFO [2025-03-17 21:33:30] 
