INFO [2025-06-08 20:42:58] $x
INFO [2025-06-08 20:42:58] list(Comp1 = down1, Comp2 = down2)
INFO [2025-06-08 20:42:58] 
INFO [2025-06-08 20:42:58] $category.names
INFO [2025-06-08 20:42:58] c(comparison1, comparison2)
INFO [2025-06-08 20:42:58] 
INFO [2025-06-08 20:42:58] $filename
INFO [2025-06-08 20:42:58] paste0(output_prefix, "_Venn_Down.jpeg")
INFO [2025-06-08 20:42:58] 
INFO [2025-06-08 20:42:58] $output
INFO [2025-06-08 20:42:58] [1] TRUE
INFO [2025-06-08 20:42:58] 
INFO [2025-06-08 20:42:58] $fill
INFO [2025-06-08 20:42:58] c("red", "blue")
INFO [2025-06-08 20:42:58] 
INFO [2025-06-08 20:42:58] $alpha
INFO [2025-06-08 20:42:58] [1] 0.5
INFO [2025-06-08 20:42:58] 
INFO [2025-06-08 20:42:58] $cex
INFO [2025-06-08 20:42:58] [1] 1.5
INFO [2025-06-08 20:42:58] 
INFO [2025-06-08 20:42:58] $cat.cex
INFO [2025-06-08 20:42:58] [1] 0.7
INFO [2025-06-08 20:42:58] 
INFO [2025-06-08 20:42:58] $cat.pos
INFO [2025-06-08 20:42:58] c(-30, 30)
INFO [2025-06-08 20:42:58] 
INFO [2025-06-08 20:42:58] $cat.dist
INFO [2025-06-08 20:42:58] c(0.05, 0.05)
INFO [2025-06-08 20:42:58] 
