INFO [2025-06-08 20:42:57] $x
INFO [2025-06-08 20:42:57] list(Comp1 = up1, Comp2 = up2)
INFO [2025-06-08 20:42:57] 
INFO [2025-06-08 20:42:57] $category.names
INFO [2025-06-08 20:42:57] c(comparison1, comparison2)
INFO [2025-06-08 20:42:57] 
INFO [2025-06-08 20:42:57] $filename
INFO [2025-06-08 20:42:57] paste0(output_prefix, "_Venn_Up.jpeg")
INFO [2025-06-08 20:42:57] 
INFO [2025-06-08 20:42:57] $output
INFO [2025-06-08 20:42:57] [1] TRUE
INFO [2025-06-08 20:42:57] 
INFO [2025-06-08 20:42:57] $fill
INFO [2025-06-08 20:42:57] c("red", "blue")
INFO [2025-06-08 20:42:57] 
INFO [2025-06-08 20:42:57] $alpha
INFO [2025-06-08 20:42:57] [1] 0.5
INFO [2025-06-08 20:42:57] 
INFO [2025-06-08 20:42:57] $cex
INFO [2025-06-08 20:42:57] [1] 1.5
INFO [2025-06-08 20:42:57] 
INFO [2025-06-08 20:42:57] $cat.cex
INFO [2025-06-08 20:42:57] [1] 0.7
INFO [2025-06-08 20:42:57] 
INFO [2025-06-08 20:42:57] $cat.pos
INFO [2025-06-08 20:42:57] c(-30, 30)
INFO [2025-06-08 20:42:57] 
INFO [2025-06-08 20:42:57] $cat.dist
INFO [2025-06-08 20:42:57] c(0.05, 0.05)
INFO [2025-06-08 20:42:57] 
