INFO [2025-06-03 20:44:04] $x
INFO [2025-06-03 20:44:04] list(Comp1 = down1, Comp2 = down2, Comp3 = down3)
INFO [2025-06-03 20:44:04] 
INFO [2025-06-03 20:44:04] $category.names
INFO [2025-06-03 20:44:04] c(comparison1, comparison2, comparison3)
INFO [2025-06-03 20:44:04] 
INFO [2025-06-03 20:44:04] $filename
INFO [2025-06-03 20:44:04] paste0(output_prefix, "_Venn_Down.jpeg")
INFO [2025-06-03 20:44:04] 
INFO [2025-06-03 20:44:04] $output
INFO [2025-06-03 20:44:04] [1] TRUE
INFO [2025-06-03 20:44:04] 
INFO [2025-06-03 20:44:04] $fill
INFO [2025-06-03 20:44:04] c("red", "blue", "green")
INFO [2025-06-03 20:44:04] 
INFO [2025-06-03 20:44:04] $alpha
INFO [2025-06-03 20:44:04] [1] 0.5
INFO [2025-06-03 20:44:04] 
INFO [2025-06-03 20:44:04] $cex
INFO [2025-06-03 20:44:04] [1] 1.5
INFO [2025-06-03 20:44:04] 
INFO [2025-06-03 20:44:04] $cat.cex
INFO [2025-06-03 20:44:04] [1] 0.8
INFO [2025-06-03 20:44:04] 
INFO [2025-06-03 20:44:04] [[9]]
INFO [2025-06-03 20:44:04] 
INFO [2025-06-03 20:44:04] 
