INFO [2025-05-28 20:27:35] $x
INFO [2025-05-28 20:27:35] list(Comp1 = down1, Comp2 = down2, Comp3 = down3)
INFO [2025-05-28 20:27:35] 
INFO [2025-05-28 20:27:35] $category.names
INFO [2025-05-28 20:27:35] c(comparison1, comparison2, comparison3)
INFO [2025-05-28 20:27:35] 
INFO [2025-05-28 20:27:35] $filename
INFO [2025-05-28 20:27:35] paste0(output_prefix, "_Venn_Down.jpeg")
INFO [2025-05-28 20:27:35] 
INFO [2025-05-28 20:27:35] $output
INFO [2025-05-28 20:27:35] [1] TRUE
INFO [2025-05-28 20:27:35] 
INFO [2025-05-28 20:27:35] $fill
INFO [2025-05-28 20:27:35] c("red", "blue", "green")
INFO [2025-05-28 20:27:35] 
INFO [2025-05-28 20:27:35] $alpha
INFO [2025-05-28 20:27:35] [1] 0.5
INFO [2025-05-28 20:27:35] 
INFO [2025-05-28 20:27:35] $cex
INFO [2025-05-28 20:27:35] [1] 1.5
INFO [2025-05-28 20:27:35] 
INFO [2025-05-28 20:27:35] $cat.cex
INFO [2025-05-28 20:27:35] [1] 0.8
INFO [2025-05-28 20:27:35] 
INFO [2025-05-28 20:27:35] [[9]]
INFO [2025-05-28 20:27:35] 
INFO [2025-05-28 20:27:35] 
