INFO [2025-05-28 20:27:34] $x
INFO [2025-05-28 20:27:34] list(Comp1 = up1, Comp2 = up2, Comp3 = up3)
INFO [2025-05-28 20:27:34] 
INFO [2025-05-28 20:27:34] $category.names
INFO [2025-05-28 20:27:34] c(comparison1, comparison2, comparison3)
INFO [2025-05-28 20:27:34] 
INFO [2025-05-28 20:27:34] $filename
INFO [2025-05-28 20:27:34] paste0(output_prefix, "_Venn_Up.jpeg")
INFO [2025-05-28 20:27:34] 
INFO [2025-05-28 20:27:34] $output
INFO [2025-05-28 20:27:34] [1] TRUE
INFO [2025-05-28 20:27:34] 
INFO [2025-05-28 20:27:34] $fill
INFO [2025-05-28 20:27:34] c("red", "blue", "green")
INFO [2025-05-28 20:27:34] 
INFO [2025-05-28 20:27:34] $alpha
INFO [2025-05-28 20:27:34] [1] 0.5
INFO [2025-05-28 20:27:34] 
INFO [2025-05-28 20:27:34] $cex
INFO [2025-05-28 20:27:34] [1] 1.5
INFO [2025-05-28 20:27:34] 
INFO [2025-05-28 20:27:34] $cat.cex
INFO [2025-05-28 20:27:34] [1] 0.8
INFO [2025-05-28 20:27:34] 
INFO [2025-05-28 20:27:34] [[9]]
INFO [2025-05-28 20:27:34] 
INFO [2025-05-28 20:27:34] 
