INFO [2025-06-03 20:44:03] $x
INFO [2025-06-03 20:44:03] list(Comp1 = up1, Comp2 = up2, Comp3 = up3)
INFO [2025-06-03 20:44:03] 
INFO [2025-06-03 20:44:03] $category.names
INFO [2025-06-03 20:44:03] c(comparison1, comparison2, comparison3)
INFO [2025-06-03 20:44:03] 
INFO [2025-06-03 20:44:03] $filename
INFO [2025-06-03 20:44:03] paste0(output_prefix, "_Venn_Up.jpeg")
INFO [2025-06-03 20:44:03] 
INFO [2025-06-03 20:44:03] $output
INFO [2025-06-03 20:44:03] [1] TRUE
INFO [2025-06-03 20:44:03] 
INFO [2025-06-03 20:44:03] $fill
INFO [2025-06-03 20:44:03] c("red", "blue", "green")
INFO [2025-06-03 20:44:03] 
INFO [2025-06-03 20:44:03] $alpha
INFO [2025-06-03 20:44:03] [1] 0.5
INFO [2025-06-03 20:44:03] 
INFO [2025-06-03 20:44:03] $cex
INFO [2025-06-03 20:44:03] [1] 1.5
INFO [2025-06-03 20:44:03] 
INFO [2025-06-03 20:44:03] $cat.cex
INFO [2025-06-03 20:44:03] [1] 0.8
INFO [2025-06-03 20:44:03] 
INFO [2025-06-03 20:44:03] [[9]]
INFO [2025-06-03 20:44:03] 
INFO [2025-06-03 20:44:03] 
