INFO [2025-03-13 22:13:23] $x
INFO [2025-03-13 22:13:23] list(Comp1 = down1, Comp2 = down2)
INFO [2025-03-13 22:13:23] 
INFO [2025-03-13 22:13:23] $category.names
INFO [2025-03-13 22:13:23] c(comparison1, comparison2)
INFO [2025-03-13 22:13:23] 
INFO [2025-03-13 22:13:23] $filename
INFO [2025-03-13 22:13:23] paste0(output_prefix, "_Venn_Down.jpeg")
INFO [2025-03-13 22:13:23] 
INFO [2025-03-13 22:13:23] $output
INFO [2025-03-13 22:13:23] [1] TRUE
INFO [2025-03-13 22:13:23] 
INFO [2025-03-13 22:13:23] $fill
INFO [2025-03-13 22:13:23] c("red", "blue")
INFO [2025-03-13 22:13:23] 
INFO [2025-03-13 22:13:23] $alpha
INFO [2025-03-13 22:13:23] [1] 0.5
INFO [2025-03-13 22:13:23] 
INFO [2025-03-13 22:13:23] $cex
INFO [2025-03-13 22:13:23] [1] 1.5
INFO [2025-03-13 22:13:23] 
INFO [2025-03-13 22:13:23] $cat.cex
INFO [2025-03-13 22:13:23] [1] 0.8
INFO [2025-03-13 22:13:23] 
INFO [2025-03-13 22:13:23] $cat.pos
INFO [2025-03-13 22:13:23] c(-30, 30)
INFO [2025-03-13 22:13:23] 
INFO [2025-03-13 22:13:23] $cat.dist
INFO [2025-03-13 22:13:23] c(0.05, 0.05)
INFO [2025-03-13 22:13:23] 
