INFO [2025-03-14 19:08:29] $x
INFO [2025-03-14 19:08:29] list(Comp1 = up1, Comp2 = up2)
INFO [2025-03-14 19:08:29] 
INFO [2025-03-14 19:08:29] $category.names
INFO [2025-03-14 19:08:29] c(comparison1, comparison2)
INFO [2025-03-14 19:08:29] 
INFO [2025-03-14 19:08:29] $filename
INFO [2025-03-14 19:08:29] paste0(output_prefix, "_Venn_Up.jpeg")
INFO [2025-03-14 19:08:29] 
INFO [2025-03-14 19:08:29] $output
INFO [2025-03-14 19:08:29] [1] TRUE
INFO [2025-03-14 19:08:29] 
INFO [2025-03-14 19:08:29] $fill
INFO [2025-03-14 19:08:29] c("red", "blue")
INFO [2025-03-14 19:08:29] 
INFO [2025-03-14 19:08:29] $alpha
INFO [2025-03-14 19:08:29] [1] 0.5
INFO [2025-03-14 19:08:29] 
INFO [2025-03-14 19:08:29] $cex
INFO [2025-03-14 19:08:29] [1] 1.5
INFO [2025-03-14 19:08:29] 
INFO [2025-03-14 19:08:29] $cat.cex
INFO [2025-03-14 19:08:29] [1] 0.8
INFO [2025-03-14 19:08:29] 
INFO [2025-03-14 19:08:29] $cat.pos
INFO [2025-03-14 19:08:29] c(-30, 30)
INFO [2025-03-14 19:08:29] 
INFO [2025-03-14 19:08:29] $cat.dist
INFO [2025-03-14 19:08:29] c(0.05, 0.05)
INFO [2025-03-14 19:08:29] 
