INFO [2025-05-29 21:37:28] $x
INFO [2025-05-29 21:37:28] list(Comp1 = up1, Comp2 = up2)
INFO [2025-05-29 21:37:28] 
INFO [2025-05-29 21:37:28] $category.names
INFO [2025-05-29 21:37:28] c(comparison1, comparison2)
INFO [2025-05-29 21:37:28] 
INFO [2025-05-29 21:37:28] $filename
INFO [2025-05-29 21:37:28] paste0(output_prefix, "_Venn_Up.jpeg")
INFO [2025-05-29 21:37:28] 
INFO [2025-05-29 21:37:28] $output
INFO [2025-05-29 21:37:28] [1] TRUE
INFO [2025-05-29 21:37:28] 
INFO [2025-05-29 21:37:28] $fill
INFO [2025-05-29 21:37:28] c("red", "blue")
INFO [2025-05-29 21:37:28] 
INFO [2025-05-29 21:37:28] $alpha
INFO [2025-05-29 21:37:28] [1] 0.5
INFO [2025-05-29 21:37:28] 
INFO [2025-05-29 21:37:28] $cex
INFO [2025-05-29 21:37:28] [1] 1.5
INFO [2025-05-29 21:37:28] 
INFO [2025-05-29 21:37:28] $cat.cex
INFO [2025-05-29 21:37:28] [1] 0.8
INFO [2025-05-29 21:37:28] 
INFO [2025-05-29 21:37:28] $cat.pos
INFO [2025-05-29 21:37:28] c(-30, 30)
INFO [2025-05-29 21:37:28] 
INFO [2025-05-29 21:37:28] $cat.dist
INFO [2025-05-29 21:37:28] c(0.05, 0.05)
INFO [2025-05-29 21:37:28] 
