INFO [2025-05-18 19:14:18] $x
INFO [2025-05-18 19:14:18] list(Comp1 = down1, Comp2 = down2)
INFO [2025-05-18 19:14:18] 
INFO [2025-05-18 19:14:18] $category.names
INFO [2025-05-18 19:14:18] c(comparison1, comparison2)
INFO [2025-05-18 19:14:18] 
INFO [2025-05-18 19:14:18] $filename
INFO [2025-05-18 19:14:18] paste0(output_prefix, "_Venn_Down.jpeg")
INFO [2025-05-18 19:14:18] 
INFO [2025-05-18 19:14:18] $output
INFO [2025-05-18 19:14:18] [1] TRUE
INFO [2025-05-18 19:14:18] 
INFO [2025-05-18 19:14:18] $fill
INFO [2025-05-18 19:14:18] c("red", "blue")
INFO [2025-05-18 19:14:18] 
INFO [2025-05-18 19:14:18] $alpha
INFO [2025-05-18 19:14:18] [1] 0.5
INFO [2025-05-18 19:14:18] 
INFO [2025-05-18 19:14:18] $cex
INFO [2025-05-18 19:14:18] [1] 1.5
INFO [2025-05-18 19:14:18] 
INFO [2025-05-18 19:14:18] $cat.cex
INFO [2025-05-18 19:14:18] [1] 0.8
INFO [2025-05-18 19:14:18] 
INFO [2025-05-18 19:14:18] $cat.pos
INFO [2025-05-18 19:14:18] c(-30, 30)
INFO [2025-05-18 19:14:18] 
INFO [2025-05-18 19:14:18] $cat.dist
INFO [2025-05-18 19:14:18] c(0.05, 0.05)
INFO [2025-05-18 19:14:18] 
