INFO [2025-05-12 20:34:29] $x
INFO [2025-05-12 20:34:29] list(Comp1 = down1, Comp2 = down2)
INFO [2025-05-12 20:34:29] 
INFO [2025-05-12 20:34:29] $category.names
INFO [2025-05-12 20:34:29] c(comparison1, comparison2)
INFO [2025-05-12 20:34:29] 
INFO [2025-05-12 20:34:29] $filename
INFO [2025-05-12 20:34:29] paste0(output_prefix, "_Venn_Down.jpeg")
INFO [2025-05-12 20:34:29] 
INFO [2025-05-12 20:34:29] $output
INFO [2025-05-12 20:34:29] [1] TRUE
INFO [2025-05-12 20:34:29] 
INFO [2025-05-12 20:34:29] $fill
INFO [2025-05-12 20:34:29] c("red", "blue")
INFO [2025-05-12 20:34:29] 
INFO [2025-05-12 20:34:29] $alpha
INFO [2025-05-12 20:34:29] [1] 0.5
INFO [2025-05-12 20:34:29] 
INFO [2025-05-12 20:34:29] $cex
INFO [2025-05-12 20:34:29] [1] 1.5
INFO [2025-05-12 20:34:29] 
INFO [2025-05-12 20:34:29] $cat.cex
INFO [2025-05-12 20:34:29] [1] 0.8
INFO [2025-05-12 20:34:29] 
INFO [2025-05-12 20:34:29] $cat.pos
INFO [2025-05-12 20:34:29] c(-30, 30)
INFO [2025-05-12 20:34:29] 
INFO [2025-05-12 20:34:29] $cat.dist
INFO [2025-05-12 20:34:29] c(0.05, 0.05)
INFO [2025-05-12 20:34:29] 
