INFO [2025-03-16 21:53:47] $x
INFO [2025-03-16 21:53:47] list(Comp1 = up1, Comp2 = up2, Comp3 = up3)
INFO [2025-03-16 21:53:47] 
INFO [2025-03-16 21:53:47] $category.names
INFO [2025-03-16 21:53:47] c(comparison1, comparison2, comparison3)
INFO [2025-03-16 21:53:47] 
INFO [2025-03-16 21:53:47] $filename
INFO [2025-03-16 21:53:47] paste0(output_prefix, "_Venn_Up.jpeg")
INFO [2025-03-16 21:53:47] 
INFO [2025-03-16 21:53:47] $output
INFO [2025-03-16 21:53:47] [1] TRUE
INFO [2025-03-16 21:53:47] 
INFO [2025-03-16 21:53:47] $fill
INFO [2025-03-16 21:53:47] c("red", "blue", "green")
INFO [2025-03-16 21:53:47] 
INFO [2025-03-16 21:53:47] $alpha
INFO [2025-03-16 21:53:47] [1] 0.5
INFO [2025-03-16 21:53:47] 
INFO [2025-03-16 21:53:47] $cex
INFO [2025-03-16 21:53:47] [1] 1.5
INFO [2025-03-16 21:53:47] 
INFO [2025-03-16 21:53:47] $cat.cex
INFO [2025-03-16 21:53:47] [1] 0.8
INFO [2025-03-16 21:53:47] 
INFO [2025-03-16 21:53:47] [[9]]
INFO [2025-03-16 21:53:47] 
INFO [2025-03-16 21:53:47] 
