INFO [2025-03-19 20:29:10] $x
INFO [2025-03-19 20:29:10] list(Comp1 = down1, Comp2 = down2)
INFO [2025-03-19 20:29:10] 
INFO [2025-03-19 20:29:10] $category.names
INFO [2025-03-19 20:29:10] c(comparison1, comparison2)
INFO [2025-03-19 20:29:10] 
INFO [2025-03-19 20:29:10] $filename
INFO [2025-03-19 20:29:10] paste0(output_prefix, "_Venn_Down.jpeg")
INFO [2025-03-19 20:29:10] 
INFO [2025-03-19 20:29:10] $output
INFO [2025-03-19 20:29:10] [1] TRUE
INFO [2025-03-19 20:29:10] 
INFO [2025-03-19 20:29:10] $fill
INFO [2025-03-19 20:29:10] c("red", "blue")
INFO [2025-03-19 20:29:10] 
INFO [2025-03-19 20:29:10] $alpha
INFO [2025-03-19 20:29:10] [1] 0.5
INFO [2025-03-19 20:29:10] 
INFO [2025-03-19 20:29:10] $cex
INFO [2025-03-19 20:29:10] [1] 1.5
INFO [2025-03-19 20:29:10] 
INFO [2025-03-19 20:29:10] $cat.cex
INFO [2025-03-19 20:29:10] [1] 0.8
INFO [2025-03-19 20:29:10] 
INFO [2025-03-19 20:29:10] $cat.pos
INFO [2025-03-19 20:29:10] c(-30, 30)
INFO [2025-03-19 20:29:10] 
INFO [2025-03-19 20:29:10] $cat.dist
INFO [2025-03-19 20:29:10] c(0.05, 0.05)
INFO [2025-03-19 20:29:10] 
