INFO [2025-03-19 20:29:22] $x
INFO [2025-03-19 20:29:22] list(Comp1 = up1, Comp2 = up2)
INFO [2025-03-19 20:29:22] 
INFO [2025-03-19 20:29:22] $category.names
INFO [2025-03-19 20:29:22] c(comparison1, comparison2)
INFO [2025-03-19 20:29:22] 
INFO [2025-03-19 20:29:22] $filename
INFO [2025-03-19 20:29:22] paste0(output_prefix, "_Venn_Up.jpeg")
INFO [2025-03-19 20:29:22] 
INFO [2025-03-19 20:29:22] $output
INFO [2025-03-19 20:29:22] [1] TRUE
INFO [2025-03-19 20:29:22] 
INFO [2025-03-19 20:29:22] $fill
INFO [2025-03-19 20:29:22] c("red", "blue")
INFO [2025-03-19 20:29:22] 
INFO [2025-03-19 20:29:22] $alpha
INFO [2025-03-19 20:29:22] [1] 0.5
INFO [2025-03-19 20:29:22] 
INFO [2025-03-19 20:29:22] $cex
INFO [2025-03-19 20:29:22] [1] 1.5
INFO [2025-03-19 20:29:22] 
INFO [2025-03-19 20:29:22] $cat.cex
INFO [2025-03-19 20:29:22] [1] 0.8
INFO [2025-03-19 20:29:22] 
INFO [2025-03-19 20:29:22] $cat.pos
INFO [2025-03-19 20:29:22] c(-30, 30)
INFO [2025-03-19 20:29:22] 
INFO [2025-03-19 20:29:22] $cat.dist
INFO [2025-03-19 20:29:22] c(0.05, 0.05)
INFO [2025-03-19 20:29:22] 
