INFO [2025-03-19 20:29:04] $x
INFO [2025-03-19 20:29:04] list(Comp1 = up1, Comp2 = up2)
INFO [2025-03-19 20:29:04] 
INFO [2025-03-19 20:29:04] $category.names
INFO [2025-03-19 20:29:04] c(comparison1, comparison2)
INFO [2025-03-19 20:29:04] 
INFO [2025-03-19 20:29:04] $filename
INFO [2025-03-19 20:29:04] paste0(output_prefix, "_Venn_Up.jpeg")
INFO [2025-03-19 20:29:04] 
INFO [2025-03-19 20:29:04] $output
INFO [2025-03-19 20:29:04] [1] TRUE
INFO [2025-03-19 20:29:04] 
INFO [2025-03-19 20:29:04] $fill
INFO [2025-03-19 20:29:04] c("red", "blue")
INFO [2025-03-19 20:29:04] 
INFO [2025-03-19 20:29:04] $alpha
INFO [2025-03-19 20:29:04] [1] 0.5
INFO [2025-03-19 20:29:04] 
INFO [2025-03-19 20:29:04] $cex
INFO [2025-03-19 20:29:04] [1] 1.5
INFO [2025-03-19 20:29:04] 
INFO [2025-03-19 20:29:04] $cat.cex
INFO [2025-03-19 20:29:04] [1] 0.8
INFO [2025-03-19 20:29:04] 
INFO [2025-03-19 20:29:04] $cat.pos
INFO [2025-03-19 20:29:04] c(-30, 30)
INFO [2025-03-19 20:29:04] 
INFO [2025-03-19 20:29:04] $cat.dist
INFO [2025-03-19 20:29:04] c(0.05, 0.05)
INFO [2025-03-19 20:29:04] 
