INFO [2025-03-19 19:24:47] $x
INFO [2025-03-19 19:24:47] list(Comp1 = down1, Comp2 = down2)
INFO [2025-03-19 19:24:47] 
INFO [2025-03-19 19:24:47] $category.names
INFO [2025-03-19 19:24:47] c(comparison1, comparison2)
INFO [2025-03-19 19:24:47] 
INFO [2025-03-19 19:24:47] $filename
INFO [2025-03-19 19:24:47] paste0(output_prefix, "_Venn_Down.jpeg")
INFO [2025-03-19 19:24:47] 
INFO [2025-03-19 19:24:47] $output
INFO [2025-03-19 19:24:47] [1] TRUE
INFO [2025-03-19 19:24:47] 
INFO [2025-03-19 19:24:47] $fill
INFO [2025-03-19 19:24:47] c("red", "blue")
INFO [2025-03-19 19:24:47] 
INFO [2025-03-19 19:24:47] $alpha
INFO [2025-03-19 19:24:47] [1] 0.5
INFO [2025-03-19 19:24:47] 
INFO [2025-03-19 19:24:47] $cex
INFO [2025-03-19 19:24:47] [1] 1.5
INFO [2025-03-19 19:24:47] 
INFO [2025-03-19 19:24:47] $cat.cex
INFO [2025-03-19 19:24:47] [1] 0.8
INFO [2025-03-19 19:24:47] 
INFO [2025-03-19 19:24:47] $cat.pos
INFO [2025-03-19 19:24:47] c(-30, 30)
INFO [2025-03-19 19:24:47] 
INFO [2025-03-19 19:24:47] $cat.dist
INFO [2025-03-19 19:24:47] c(0.05, 0.05)
INFO [2025-03-19 19:24:47] 
