INFO [2025-05-29 20:50:00] $x
INFO [2025-05-29 20:50:00] list(Comp1 = down1, Comp2 = down2)
INFO [2025-05-29 20:50:00] 
INFO [2025-05-29 20:50:00] $category.names
INFO [2025-05-29 20:50:00] c(comparison1, comparison2)
INFO [2025-05-29 20:50:00] 
INFO [2025-05-29 20:50:00] $filename
INFO [2025-05-29 20:50:00] paste0(output_prefix, "_Venn_Down.jpeg")
INFO [2025-05-29 20:50:00] 
INFO [2025-05-29 20:50:00] $output
INFO [2025-05-29 20:50:00] [1] TRUE
INFO [2025-05-29 20:50:00] 
INFO [2025-05-29 20:50:00] $fill
INFO [2025-05-29 20:50:00] c("red", "blue")
INFO [2025-05-29 20:50:00] 
INFO [2025-05-29 20:50:00] $alpha
INFO [2025-05-29 20:50:00] [1] 0.5
INFO [2025-05-29 20:50:00] 
INFO [2025-05-29 20:50:00] $cex
INFO [2025-05-29 20:50:00] [1] 1.5
INFO [2025-05-29 20:50:00] 
INFO [2025-05-29 20:50:00] $cat.cex
INFO [2025-05-29 20:50:00] [1] 0.8
INFO [2025-05-29 20:50:00] 
INFO [2025-05-29 20:50:00] $cat.pos
INFO [2025-05-29 20:50:00] c(-30, 30)
INFO [2025-05-29 20:50:00] 
INFO [2025-05-29 20:50:00] $cat.dist
INFO [2025-05-29 20:50:00] c(0.05, 0.05)
INFO [2025-05-29 20:50:00] 
