INFO [2025-03-18 21:06:34] $x
INFO [2025-03-18 21:06:34] list(Comp1 = up1, Comp2 = up2)
INFO [2025-03-18 21:06:34] 
INFO [2025-03-18 21:06:34] $category.names
INFO [2025-03-18 21:06:34] c(comparison1, comparison2)
INFO [2025-03-18 21:06:34] 
INFO [2025-03-18 21:06:34] $filename
INFO [2025-03-18 21:06:34] paste0(output_prefix, "_Venn_Up.jpeg")
INFO [2025-03-18 21:06:34] 
INFO [2025-03-18 21:06:34] $output
INFO [2025-03-18 21:06:34] [1] TRUE
INFO [2025-03-18 21:06:34] 
INFO [2025-03-18 21:06:34] $fill
INFO [2025-03-18 21:06:34] c("red", "blue")
INFO [2025-03-18 21:06:34] 
INFO [2025-03-18 21:06:34] $alpha
INFO [2025-03-18 21:06:34] [1] 0.5
INFO [2025-03-18 21:06:34] 
INFO [2025-03-18 21:06:34] $cex
INFO [2025-03-18 21:06:34] [1] 1.5
INFO [2025-03-18 21:06:34] 
INFO [2025-03-18 21:06:34] $cat.cex
INFO [2025-03-18 21:06:34] [1] 0.8
INFO [2025-03-18 21:06:34] 
INFO [2025-03-18 21:06:34] $cat.pos
INFO [2025-03-18 21:06:34] c(-30, 30)
INFO [2025-03-18 21:06:34] 
INFO [2025-03-18 21:06:34] $cat.dist
INFO [2025-03-18 21:06:34] c(0.05, 0.05)
INFO [2025-03-18 21:06:34] 
