INFO [2025-06-14 19:11:22] $x
INFO [2025-06-14 19:11:22] list(Comp1 = down1, Comp2 = down2)
INFO [2025-06-14 19:11:22] 
INFO [2025-06-14 19:11:22] $category.names
INFO [2025-06-14 19:11:22] c(comparison1, comparison2)
INFO [2025-06-14 19:11:22] 
INFO [2025-06-14 19:11:22] $filename
INFO [2025-06-14 19:11:22] paste0(output_prefix, "_Venn_Down.jpeg")
INFO [2025-06-14 19:11:22] 
INFO [2025-06-14 19:11:22] $output
INFO [2025-06-14 19:11:22] [1] TRUE
INFO [2025-06-14 19:11:22] 
INFO [2025-06-14 19:11:22] $fill
INFO [2025-06-14 19:11:22] c("red", "blue")
INFO [2025-06-14 19:11:22] 
INFO [2025-06-14 19:11:22] $alpha
INFO [2025-06-14 19:11:22] [1] 0.5
INFO [2025-06-14 19:11:22] 
INFO [2025-06-14 19:11:22] $cex
INFO [2025-06-14 19:11:22] [1] 1.5
INFO [2025-06-14 19:11:22] 
INFO [2025-06-14 19:11:22] $cat.cex
INFO [2025-06-14 19:11:22] [1] 0.8
INFO [2025-06-14 19:11:22] 
INFO [2025-06-14 19:11:22] $cat.pos
INFO [2025-06-14 19:11:22] c(-30, 30)
INFO [2025-06-14 19:11:22] 
INFO [2025-06-14 19:11:22] $cat.dist
INFO [2025-06-14 19:11:22] c(0.05, 0.05)
INFO [2025-06-14 19:11:22] 
