INFO [2025-06-14 19:05:26] $x
INFO [2025-06-14 19:05:26] list(Comp1 = down1, Comp2 = down2)
INFO [2025-06-14 19:05:26] 
INFO [2025-06-14 19:05:26] $category.names
INFO [2025-06-14 19:05:26] c(comparison1, comparison2)
INFO [2025-06-14 19:05:26] 
INFO [2025-06-14 19:05:26] $filename
INFO [2025-06-14 19:05:26] paste0(output_prefix, "_Venn_Down.jpeg")
INFO [2025-06-14 19:05:26] 
INFO [2025-06-14 19:05:26] $output
INFO [2025-06-14 19:05:26] [1] TRUE
INFO [2025-06-14 19:05:26] 
INFO [2025-06-14 19:05:26] $fill
INFO [2025-06-14 19:05:26] c("red", "blue")
INFO [2025-06-14 19:05:26] 
INFO [2025-06-14 19:05:26] $alpha
INFO [2025-06-14 19:05:26] [1] 0.5
INFO [2025-06-14 19:05:26] 
INFO [2025-06-14 19:05:26] $cex
INFO [2025-06-14 19:05:26] [1] 1.5
INFO [2025-06-14 19:05:26] 
INFO [2025-06-14 19:05:26] $cat.cex
INFO [2025-06-14 19:05:26] [1] 0.8
INFO [2025-06-14 19:05:26] 
INFO [2025-06-14 19:05:26] $cat.pos
INFO [2025-06-14 19:05:26] c(-30, 30)
INFO [2025-06-14 19:05:26] 
INFO [2025-06-14 19:05:26] $cat.dist
INFO [2025-06-14 19:05:26] c(0.05, 0.05)
INFO [2025-06-14 19:05:26] 
