INFO [2025-06-14 19:11:21] $x
INFO [2025-06-14 19:11:21] list(Comp1 = up1, Comp2 = up2)
INFO [2025-06-14 19:11:21] 
INFO [2025-06-14 19:11:21] $category.names
INFO [2025-06-14 19:11:21] c(comparison1, comparison2)
INFO [2025-06-14 19:11:21] 
INFO [2025-06-14 19:11:21] $filename
INFO [2025-06-14 19:11:21] paste0(output_prefix, "_Venn_Up.jpeg")
INFO [2025-06-14 19:11:21] 
INFO [2025-06-14 19:11:21] $output
INFO [2025-06-14 19:11:21] [1] TRUE
INFO [2025-06-14 19:11:21] 
INFO [2025-06-14 19:11:21] $fill
INFO [2025-06-14 19:11:21] c("red", "blue")
INFO [2025-06-14 19:11:21] 
INFO [2025-06-14 19:11:21] $alpha
INFO [2025-06-14 19:11:21] [1] 0.5
INFO [2025-06-14 19:11:21] 
INFO [2025-06-14 19:11:21] $cex
INFO [2025-06-14 19:11:21] [1] 1.5
INFO [2025-06-14 19:11:21] 
INFO [2025-06-14 19:11:21] $cat.cex
INFO [2025-06-14 19:11:21] [1] 0.8
INFO [2025-06-14 19:11:21] 
INFO [2025-06-14 19:11:21] $cat.pos
INFO [2025-06-14 19:11:21] c(-30, 30)
INFO [2025-06-14 19:11:21] 
INFO [2025-06-14 19:11:21] $cat.dist
INFO [2025-06-14 19:11:21] c(0.05, 0.05)
INFO [2025-06-14 19:11:21] 
