INFO [2025-03-19 21:31:45] $x
INFO [2025-03-19 21:31:45] list(Comp1 = up1, Comp2 = up2)
INFO [2025-03-19 21:31:45] 
INFO [2025-03-19 21:31:45] $category.names
INFO [2025-03-19 21:31:45] c(comparison1, comparison2)
INFO [2025-03-19 21:31:45] 
INFO [2025-03-19 21:31:45] $filename
INFO [2025-03-19 21:31:45] paste0(output_prefix, "_Venn_Up.jpeg")
INFO [2025-03-19 21:31:45] 
INFO [2025-03-19 21:31:45] $output
INFO [2025-03-19 21:31:45] [1] TRUE
INFO [2025-03-19 21:31:45] 
INFO [2025-03-19 21:31:45] $fill
INFO [2025-03-19 21:31:45] c("red", "blue")
INFO [2025-03-19 21:31:45] 
INFO [2025-03-19 21:31:45] $alpha
INFO [2025-03-19 21:31:45] [1] 0.5
INFO [2025-03-19 21:31:45] 
INFO [2025-03-19 21:31:45] $cex
INFO [2025-03-19 21:31:45] [1] 1.5
INFO [2025-03-19 21:31:45] 
INFO [2025-03-19 21:31:45] $cat.cex
INFO [2025-03-19 21:31:45] [1] 0.8
INFO [2025-03-19 21:31:45] 
INFO [2025-03-19 21:31:45] $cat.pos
INFO [2025-03-19 21:31:45] c(-30, 30)
INFO [2025-03-19 21:31:45] 
INFO [2025-03-19 21:31:45] $cat.dist
INFO [2025-03-19 21:31:45] c(0.05, 0.05)
INFO [2025-03-19 21:31:45] 
