INFO [2025-03-21 19:54:43] $x
INFO [2025-03-21 19:54:43] list(Comp1 = up1, Comp2 = up2)
INFO [2025-03-21 19:54:43] 
INFO [2025-03-21 19:54:43] $category.names
INFO [2025-03-21 19:54:43] c(comparison1, comparison2)
INFO [2025-03-21 19:54:43] 
INFO [2025-03-21 19:54:43] $filename
INFO [2025-03-21 19:54:43] paste0(output_prefix, "_Venn_Up.jpeg")
INFO [2025-03-21 19:54:43] 
INFO [2025-03-21 19:54:43] $output
INFO [2025-03-21 19:54:43] [1] TRUE
INFO [2025-03-21 19:54:43] 
INFO [2025-03-21 19:54:43] $fill
INFO [2025-03-21 19:54:43] c("red", "blue")
INFO [2025-03-21 19:54:43] 
INFO [2025-03-21 19:54:43] $alpha
INFO [2025-03-21 19:54:43] [1] 0.5
INFO [2025-03-21 19:54:43] 
INFO [2025-03-21 19:54:43] $cex
INFO [2025-03-21 19:54:43] [1] 1.5
INFO [2025-03-21 19:54:43] 
INFO [2025-03-21 19:54:43] $cat.cex
INFO [2025-03-21 19:54:43] [1] 0.8
INFO [2025-03-21 19:54:43] 
INFO [2025-03-21 19:54:43] $cat.pos
INFO [2025-03-21 19:54:43] c(-30, 30)
INFO [2025-03-21 19:54:43] 
INFO [2025-03-21 19:54:43] $cat.dist
INFO [2025-03-21 19:54:43] c(0.05, 0.05)
INFO [2025-03-21 19:54:43] 
