INFO [2025-03-21 19:54:44] $x
INFO [2025-03-21 19:54:44] list(Comp1 = down1, Comp2 = down2)
INFO [2025-03-21 19:54:44] 
INFO [2025-03-21 19:54:44] $category.names
INFO [2025-03-21 19:54:44] c(comparison1, comparison2)
INFO [2025-03-21 19:54:44] 
INFO [2025-03-21 19:54:44] $filename
INFO [2025-03-21 19:54:44] paste0(output_prefix, "_Venn_Down.jpeg")
INFO [2025-03-21 19:54:44] 
INFO [2025-03-21 19:54:44] $output
INFO [2025-03-21 19:54:44] [1] TRUE
INFO [2025-03-21 19:54:44] 
INFO [2025-03-21 19:54:44] $fill
INFO [2025-03-21 19:54:44] c("red", "blue")
INFO [2025-03-21 19:54:44] 
INFO [2025-03-21 19:54:44] $alpha
INFO [2025-03-21 19:54:44] [1] 0.5
INFO [2025-03-21 19:54:44] 
INFO [2025-03-21 19:54:44] $cex
INFO [2025-03-21 19:54:44] [1] 1.5
INFO [2025-03-21 19:54:44] 
INFO [2025-03-21 19:54:44] $cat.cex
INFO [2025-03-21 19:54:44] [1] 0.8
INFO [2025-03-21 19:54:44] 
INFO [2025-03-21 19:54:44] $cat.pos
INFO [2025-03-21 19:54:44] c(-30, 30)
INFO [2025-03-21 19:54:44] 
INFO [2025-03-21 19:54:44] $cat.dist
INFO [2025-03-21 19:54:44] c(0.05, 0.05)
INFO [2025-03-21 19:54:44] 
