INFO [2025-03-21 19:54:50] $x
INFO [2025-03-21 19:54:50] list(Comp1 = up1, Comp2 = up2)
INFO [2025-03-21 19:54:50] 
INFO [2025-03-21 19:54:50] $category.names
INFO [2025-03-21 19:54:50] c(comparison1, comparison2)
INFO [2025-03-21 19:54:50] 
INFO [2025-03-21 19:54:50] $filename
INFO [2025-03-21 19:54:50] paste0(output_prefix, "_Venn_Up.jpeg")
INFO [2025-03-21 19:54:50] 
INFO [2025-03-21 19:54:50] $output
INFO [2025-03-21 19:54:50] [1] TRUE
INFO [2025-03-21 19:54:50] 
INFO [2025-03-21 19:54:50] $fill
INFO [2025-03-21 19:54:50] c("red", "blue")
INFO [2025-03-21 19:54:50] 
INFO [2025-03-21 19:54:50] $alpha
INFO [2025-03-21 19:54:50] [1] 0.5
INFO [2025-03-21 19:54:50] 
INFO [2025-03-21 19:54:50] $cex
INFO [2025-03-21 19:54:50] [1] 1.5
INFO [2025-03-21 19:54:50] 
INFO [2025-03-21 19:54:50] $cat.cex
INFO [2025-03-21 19:54:50] [1] 0.8
INFO [2025-03-21 19:54:50] 
INFO [2025-03-21 19:54:50] $cat.pos
INFO [2025-03-21 19:54:50] c(-30, 30)
INFO [2025-03-21 19:54:50] 
INFO [2025-03-21 19:54:50] $cat.dist
INFO [2025-03-21 19:54:50] c(0.05, 0.05)
INFO [2025-03-21 19:54:50] 
