INFO [2025-03-21 19:49:11] $x
INFO [2025-03-21 19:49:11] list(Comp1 = down1, Comp2 = down2)
INFO [2025-03-21 19:49:11] 
INFO [2025-03-21 19:49:11] $category.names
INFO [2025-03-21 19:49:11] c(comparison1, comparison2)
INFO [2025-03-21 19:49:11] 
INFO [2025-03-21 19:49:11] $filename
INFO [2025-03-21 19:49:11] paste0(output_prefix, "_Venn_Down.jpeg")
INFO [2025-03-21 19:49:11] 
INFO [2025-03-21 19:49:11] $output
INFO [2025-03-21 19:49:11] [1] TRUE
INFO [2025-03-21 19:49:11] 
INFO [2025-03-21 19:49:11] $fill
INFO [2025-03-21 19:49:11] c("red", "blue")
INFO [2025-03-21 19:49:11] 
INFO [2025-03-21 19:49:11] $alpha
INFO [2025-03-21 19:49:11] [1] 0.5
INFO [2025-03-21 19:49:11] 
INFO [2025-03-21 19:49:11] $cex
INFO [2025-03-21 19:49:11] [1] 1.5
INFO [2025-03-21 19:49:11] 
INFO [2025-03-21 19:49:11] $cat.cex
INFO [2025-03-21 19:49:11] [1] 0.8
INFO [2025-03-21 19:49:11] 
INFO [2025-03-21 19:49:11] $cat.pos
INFO [2025-03-21 19:49:11] c(-30, 30)
INFO [2025-03-21 19:49:11] 
INFO [2025-03-21 19:49:11] $cat.dist
INFO [2025-03-21 19:49:11] c(0.05, 0.05)
INFO [2025-03-21 19:49:11] 
