INFO [2025-03-21 19:54:36] $x
INFO [2025-03-21 19:54:36] list(Comp1 = up1, Comp2 = up2)
INFO [2025-03-21 19:54:36] 
INFO [2025-03-21 19:54:36] $category.names
INFO [2025-03-21 19:54:36] c(comparison1, comparison2)
INFO [2025-03-21 19:54:36] 
INFO [2025-03-21 19:54:36] $filename
INFO [2025-03-21 19:54:36] paste0(output_prefix, "_Venn_Up.jpeg")
INFO [2025-03-21 19:54:36] 
INFO [2025-03-21 19:54:36] $output
INFO [2025-03-21 19:54:36] [1] TRUE
INFO [2025-03-21 19:54:36] 
INFO [2025-03-21 19:54:36] $fill
INFO [2025-03-21 19:54:36] c("red", "blue")
INFO [2025-03-21 19:54:36] 
INFO [2025-03-21 19:54:36] $alpha
INFO [2025-03-21 19:54:36] [1] 0.5
INFO [2025-03-21 19:54:36] 
INFO [2025-03-21 19:54:36] $cex
INFO [2025-03-21 19:54:36] [1] 1.5
INFO [2025-03-21 19:54:36] 
INFO [2025-03-21 19:54:36] $cat.cex
INFO [2025-03-21 19:54:36] [1] 0.8
INFO [2025-03-21 19:54:36] 
INFO [2025-03-21 19:54:36] $cat.pos
INFO [2025-03-21 19:54:36] c(-30, 30)
INFO [2025-03-21 19:54:36] 
INFO [2025-03-21 19:54:36] $cat.dist
INFO [2025-03-21 19:54:36] c(0.05, 0.05)
INFO [2025-03-21 19:54:36] 
