INFO [2025-03-21 19:54:37] $x
INFO [2025-03-21 19:54:37] list(Comp1 = down1, Comp2 = down2)
INFO [2025-03-21 19:54:37] 
INFO [2025-03-21 19:54:37] $category.names
INFO [2025-03-21 19:54:37] c(comparison1, comparison2)
INFO [2025-03-21 19:54:37] 
INFO [2025-03-21 19:54:37] $filename
INFO [2025-03-21 19:54:37] paste0(output_prefix, "_Venn_Down.jpeg")
INFO [2025-03-21 19:54:37] 
INFO [2025-03-21 19:54:37] $output
INFO [2025-03-21 19:54:37] [1] TRUE
INFO [2025-03-21 19:54:37] 
INFO [2025-03-21 19:54:37] $fill
INFO [2025-03-21 19:54:37] c("red", "blue")
INFO [2025-03-21 19:54:37] 
INFO [2025-03-21 19:54:37] $alpha
INFO [2025-03-21 19:54:37] [1] 0.5
INFO [2025-03-21 19:54:37] 
INFO [2025-03-21 19:54:37] $cex
INFO [2025-03-21 19:54:37] [1] 1.5
INFO [2025-03-21 19:54:37] 
INFO [2025-03-21 19:54:37] $cat.cex
INFO [2025-03-21 19:54:37] [1] 0.8
INFO [2025-03-21 19:54:37] 
INFO [2025-03-21 19:54:37] $cat.pos
INFO [2025-03-21 19:54:37] c(-30, 30)
INFO [2025-03-21 19:54:37] 
INFO [2025-03-21 19:54:37] $cat.dist
INFO [2025-03-21 19:54:37] c(0.05, 0.05)
INFO [2025-03-21 19:54:37] 
