INFO [2025-03-18 19:38:06] $x
INFO [2025-03-18 19:38:06] list(Comp1 = up1, Comp2 = up2)
INFO [2025-03-18 19:38:06] 
INFO [2025-03-18 19:38:06] $category.names
INFO [2025-03-18 19:38:06] c(comparison1, comparison2)
INFO [2025-03-18 19:38:06] 
INFO [2025-03-18 19:38:06] $filename
INFO [2025-03-18 19:38:06] paste0(output_prefix, "_Venn_Up.jpeg")
INFO [2025-03-18 19:38:06] 
INFO [2025-03-18 19:38:06] $output
INFO [2025-03-18 19:38:06] [1] TRUE
INFO [2025-03-18 19:38:06] 
INFO [2025-03-18 19:38:06] $fill
INFO [2025-03-18 19:38:06] c("red", "blue")
INFO [2025-03-18 19:38:06] 
INFO [2025-03-18 19:38:06] $alpha
INFO [2025-03-18 19:38:06] [1] 0.5
INFO [2025-03-18 19:38:06] 
INFO [2025-03-18 19:38:06] $cex
INFO [2025-03-18 19:38:06] [1] 1.5
INFO [2025-03-18 19:38:06] 
INFO [2025-03-18 19:38:06] $cat.cex
INFO [2025-03-18 19:38:06] [1] 0.8
INFO [2025-03-18 19:38:06] 
INFO [2025-03-18 19:38:06] $cat.pos
INFO [2025-03-18 19:38:06] c(-30, 30)
INFO [2025-03-18 19:38:06] 
INFO [2025-03-18 19:38:06] $cat.dist
INFO [2025-03-18 19:38:06] c(0.05, 0.05)
INFO [2025-03-18 19:38:06] 
