INFO [2025-06-08 21:25:27] $x
INFO [2025-06-08 21:25:27] list(Comp1 = down1, Comp2 = down2)
INFO [2025-06-08 21:25:27] 
INFO [2025-06-08 21:25:27] $category.names
INFO [2025-06-08 21:25:27] c(comparison1, comparison2)
INFO [2025-06-08 21:25:27] 
INFO [2025-06-08 21:25:27] $filename
INFO [2025-06-08 21:25:27] paste0(output_prefix, "_Venn_Down.jpeg")
INFO [2025-06-08 21:25:27] 
INFO [2025-06-08 21:25:27] $output
INFO [2025-06-08 21:25:27] [1] TRUE
INFO [2025-06-08 21:25:27] 
INFO [2025-06-08 21:25:27] $fill
INFO [2025-06-08 21:25:27] c("red", "blue")
INFO [2025-06-08 21:25:27] 
INFO [2025-06-08 21:25:27] $alpha
INFO [2025-06-08 21:25:27] [1] 0.5
INFO [2025-06-08 21:25:27] 
INFO [2025-06-08 21:25:27] $cex
INFO [2025-06-08 21:25:27] [1] 1.5
INFO [2025-06-08 21:25:27] 
INFO [2025-06-08 21:25:27] $cat.cex
INFO [2025-06-08 21:25:27] [1] 0.8
INFO [2025-06-08 21:25:27] 
INFO [2025-06-08 21:25:27] $cat.pos
INFO [2025-06-08 21:25:27] c(-30, 30)
INFO [2025-06-08 21:25:27] 
INFO [2025-06-08 21:25:27] $cat.dist
INFO [2025-06-08 21:25:27] c(0.05, 0.05)
INFO [2025-06-08 21:25:27] 
