INFO [2025-03-20 18:20:25] $x
INFO [2025-03-20 18:20:25] list(Comp1 = up1, Comp2 = up2)
INFO [2025-03-20 18:20:25] 
INFO [2025-03-20 18:20:25] $category.names
INFO [2025-03-20 18:20:25] c(comparison1, comparison2)
INFO [2025-03-20 18:20:25] 
INFO [2025-03-20 18:20:25] $filename
INFO [2025-03-20 18:20:25] paste0(output_prefix, "_Venn_Up.jpeg")
INFO [2025-03-20 18:20:25] 
INFO [2025-03-20 18:20:25] $output
INFO [2025-03-20 18:20:25] [1] TRUE
INFO [2025-03-20 18:20:25] 
INFO [2025-03-20 18:20:25] $fill
INFO [2025-03-20 18:20:25] c("red", "blue")
INFO [2025-03-20 18:20:25] 
INFO [2025-03-20 18:20:25] $alpha
INFO [2025-03-20 18:20:25] [1] 0.5
INFO [2025-03-20 18:20:25] 
INFO [2025-03-20 18:20:25] $cex
INFO [2025-03-20 18:20:25] [1] 1.5
INFO [2025-03-20 18:20:25] 
INFO [2025-03-20 18:20:25] $cat.cex
INFO [2025-03-20 18:20:25] [1] 0.8
INFO [2025-03-20 18:20:25] 
INFO [2025-03-20 18:20:25] $cat.pos
INFO [2025-03-20 18:20:25] c(-30, 30)
INFO [2025-03-20 18:20:25] 
INFO [2025-03-20 18:20:25] $cat.dist
INFO [2025-03-20 18:20:25] c(0.05, 0.05)
INFO [2025-03-20 18:20:25] 
