INFO [2025-03-21 22:30:17] $x
INFO [2025-03-21 22:30:17] list(Comp1 = down1, Comp2 = down2)
INFO [2025-03-21 22:30:17] 
INFO [2025-03-21 22:30:17] $category.names
INFO [2025-03-21 22:30:17] c(comparison1, comparison2)
INFO [2025-03-21 22:30:17] 
INFO [2025-03-21 22:30:17] $filename
INFO [2025-03-21 22:30:17] paste0(output_prefix, "_Venn_Down.jpeg")
INFO [2025-03-21 22:30:17] 
INFO [2025-03-21 22:30:17] $output
INFO [2025-03-21 22:30:17] [1] TRUE
INFO [2025-03-21 22:30:17] 
INFO [2025-03-21 22:30:17] $fill
INFO [2025-03-21 22:30:17] c("red", "blue")
INFO [2025-03-21 22:30:17] 
INFO [2025-03-21 22:30:17] $alpha
INFO [2025-03-21 22:30:17] [1] 0.5
INFO [2025-03-21 22:30:17] 
INFO [2025-03-21 22:30:17] $cex
INFO [2025-03-21 22:30:17] [1] 1.5
INFO [2025-03-21 22:30:17] 
INFO [2025-03-21 22:30:17] $cat.cex
INFO [2025-03-21 22:30:17] [1] 0.8
INFO [2025-03-21 22:30:17] 
INFO [2025-03-21 22:30:17] $cat.pos
INFO [2025-03-21 22:30:17] c(-30, 30)
INFO [2025-03-21 22:30:17] 
INFO [2025-03-21 22:30:17] $cat.dist
INFO [2025-03-21 22:30:17] c(0.05, 0.05)
INFO [2025-03-21 22:30:17] 
