INFO [2025-03-21 22:30:16] $x
INFO [2025-03-21 22:30:16] list(Comp1 = up1, Comp2 = up2)
INFO [2025-03-21 22:30:16] 
INFO [2025-03-21 22:30:16] $category.names
INFO [2025-03-21 22:30:16] c(comparison1, comparison2)
INFO [2025-03-21 22:30:16] 
INFO [2025-03-21 22:30:16] $filename
INFO [2025-03-21 22:30:16] paste0(output_prefix, "_Venn_Up.jpeg")
INFO [2025-03-21 22:30:16] 
INFO [2025-03-21 22:30:16] $output
INFO [2025-03-21 22:30:16] [1] TRUE
INFO [2025-03-21 22:30:16] 
INFO [2025-03-21 22:30:16] $fill
INFO [2025-03-21 22:30:16] c("red", "blue")
INFO [2025-03-21 22:30:16] 
INFO [2025-03-21 22:30:16] $alpha
INFO [2025-03-21 22:30:16] [1] 0.5
INFO [2025-03-21 22:30:16] 
INFO [2025-03-21 22:30:16] $cex
INFO [2025-03-21 22:30:16] [1] 1.5
INFO [2025-03-21 22:30:16] 
INFO [2025-03-21 22:30:16] $cat.cex
INFO [2025-03-21 22:30:16] [1] 0.8
INFO [2025-03-21 22:30:16] 
INFO [2025-03-21 22:30:16] $cat.pos
INFO [2025-03-21 22:30:16] c(-30, 30)
INFO [2025-03-21 22:30:16] 
INFO [2025-03-21 22:30:16] $cat.dist
INFO [2025-03-21 22:30:16] c(0.05, 0.05)
INFO [2025-03-21 22:30:16] 
